###########################################################################
FATAL:   stat /home/alumno23/lab5-container/data/kmer-13.py: no such file or directory

real	0m0,863s
user	0m0,073s
sys	0m0,108s
###########################################################################
###########################################################################
FATAL:   permission denied

real	0m0,191s
user	0m0,069s
sys	0m0,094s
###########################################################################
###########################################################################

real	0m0,989s
user	0m0,788s
sys	0m0,127s
###########################################################################
###########################################################################

real	0m2,995s
user	0m2,845s
sys	0m0,113s
###########################################################################
